# JRE version: OpenJDK Runtime Environment (11.0.10) (build 11.0.10+0-b96-7249189)
# Java VM: OpenJDK 64-Bit Server VM (11.0.10+0-b96-7249189, mixed mode, tiered, compressed oops, g1 gc, windows-amd64)
Heap:
 garbage-first heap   total 262144K, used 199886K [0x0000000080000000, 0x0000000100000000)
  region size 1024K, 72 young (73728K), 15 survivors (15360K)
 Metaspace       used 126690K, capacity 131154K, committed 131276K, reserved 1163264K
  class space    used 15743K, capacity 17346K, committed 17356K, reserved 1048576K
GC Heap History (20 events):
Event: 6567.761 GC heap before
{Heap before GC invocations=32 (full 0):
 garbage-first heap   total 262144K, used 224431K [0x0000000080000000, 0x0000000100000000)
  region size 1024K, 109 young (111616K), 7 survivors (7168K)
 Metaspace       used 124207K, capacity 127776K, committed 128332K, reserved 1161216K
  class space    used 15444K, capacity 16792K, committed 17228K, reserved 1048576K
}
Event: 6567.765 GC heap after
{Heap after GC invocations=33 (full 0):
 garbage-first heap   total 262144K, used 108323K [0x0000000080000000, 0x0000000100000000)
  region size 1024K, 6 young (6144K), 6 survivors (6144K)
 Metaspace       used 124207K, capacity 127776K, committed 128332K, reserved 1161216K
  class space    used 15444K, capacity 16792K, committed 17228K, reserved 1048576K
}
Event: 6621.151 GC heap before
{Heap before GC invocations=33 (full 0):
 garbage-first heap   total 262144K, used 227107K [0x0000000080000000, 0x0000000100000000)
  region size 1024K, 110 young (112640K), 6 survivors (6144K)
 Metaspace       used 125893K, capacity 130395K, committed 130508K, reserved 1163264K
  class space    used 15731K, capacity 17324K, committed 17356K, reserved 1048576K
}
Event: 6621.158 GC heap after
{Heap after GC invocations=34 (full 0):
 garbage-first heap   total 262144K, used 109614K [0x0000000080000000, 0x0000000100000000)
  region size 1024K, 7 young (7168K), 7 survivors (7168K)
 Metaspace       used 125893K, capacity 130395K, committed 130508K, reserved 1163264K
  class space    used 15731K, capacity 17324K, committed 17356K, reserved 1048576K
}
Event: 11048.286 GC heap before
{Heap before GC invocations=34 (full 0):
 garbage-first heap   total 262144K, used 214062K [0x0000000080000000, 0x0000000100000000)
  region size 1024K, 110 young (112640K), 7 survivors (7168K)
 Metaspace       used 125993K, capacity 130469K, committed 130508K, reserved 1163264K
  class space    used 15743K, capacity 17346K, committed 17356K, reserved 1048576K
}
Event: 11048.289 GC heap after
{Heap after GC invocations=35 (full 0):
 garbage-first heap   total 262144K, used 104498K [0x0000000080000000, 0x0000000100000000)
  region size 1024K, 4 young (4096K), 4 survivors (4096K)
 Metaspace       used 125993K, capacity 130469K, committed 130508K, reserved 1163264K
  class space    used 15743K, capacity 17346K, committed 17356K, reserved 1048576K
}
Event: 11399.525 GC heap before
{Heap before GC invocations=35 (full 0):
 garbage-first heap   total 262144K, used 230450K [0x0000000080000000, 0x0000000100000000)
  region size 1024K, 115 young (117760K), 4 survivors (4096K)
 Metaspace       used 126115K, capacity 130539K, committed 130764K, reserved 1163264K
  class space    used 15743K, capacity 17346K, committed 17356K, reserved 1048576K
}
Event: 11399.530 GC heap after
{Heap after GC invocations=36 (full 0):
 garbage-first heap   total 262144K, used 108789K [0x0000000080000000, 0x0000000100000000)
  region size 1024K, 7 young (7168K), 7 survivors (7168K)
 Metaspace       used 126115K, capacity 130539K, committed 130764K, reserved 1163264K
  class space    used 15743K, capacity 17346K, committed 17356K, reserved 1048576K
}
Event: 11501.828 GC heap before
{Heap before GC invocations=36 (full 0):
 garbage-first heap   total 262144K, used 231669K [0x0000000080000000, 0x0000000100000000)
  region size 1024K, 113 young (115712K), 7 survivors (7168K)
 Metaspace       used 126256K, capacity 130610K, committed 130764K, reserved 1163264K
  class space    used 15743K, capacity 17346K, committed 17356K, reserved 1048576K
}
Event: 11501.834 GC heap after
{Heap after GC invocations=37 (full 0):
 garbage-first heap   total 262144K, used 115340K [0x0000000080000000, 0x0000000100000000)
  region size 1024K, 11 young (11264K), 11 survivors (11264K)
 Metaspace       used 126256K, capacity 130610K, committed 130764K, reserved 1163264K
  class space    used 15743K, capacity 17346K, committed 17356K, reserved 1048576K
}
Event: 11646.010 GC heap before
{Heap before GC invocations=37 (full 0):
 garbage-first heap   total 262144K, used 221836K [0x0000000080000000, 0x0000000100000000)
  region size 1024K, 106 young (108544K), 11 survivors (11264K)
 Metaspace       used 126350K, capacity 130807K, committed 131020K, reserved 1163264K
  class space    used 15743K, capacity 17346K, committed 17356K, reserved 1048576K
}
Event: 11646.019 GC heap after
{Heap after GC invocations=38 (full 0):
 garbage-first heap   total 262144K, used 109894K [0x0000000080000000, 0x0000000100000000)
  region size 1024K, 6 young (6144K), 6 survivors (6144K)
 Metaspace       used 126350K, capacity 130807K, committed 131020K, reserved 1163264K
  class space    used 15743K, capacity 17346K, committed 17356K, reserved 1048576K
}
Event: 11648.500 GC heap before
{Heap before GC invocations=39 (full 0):
 garbage-first heap   total 262144K, used 232774K [0x0000000080000000, 0x0000000100000000)
  region size 1024K, 110 young (112640K), 6 survivors (6144K)
 Metaspace       used 126435K, capacity 130871K, committed 131020K, reserved 1163264K
  class space    used 15743K, capacity 17346K, committed 17356K, reserved 1048576K
}
Event: 11648.509 GC heap after
{Heap after GC invocations=40 (full 0):
 garbage-first heap   total 262144K, used 119024K [0x0000000080000000, 0x0000000100000000)
  region size 1024K, 14 young (14336K), 14 survivors (14336K)
 Metaspace       used 126435K, capacity 130871K, committed 131020K, reserved 1163264K
  class space    used 15743K, capacity 17346K, committed 17356K, reserved 1048576K
}
Event: 11648.511 GC heap before
{Heap before GC invocations=40 (full 0):
 garbage-first heap   total 262144K, used 120048K [0x0000000080000000, 0x0000000100000000)
  region size 1024K, 15 young (15360K), 14 survivors (14336K)
 Metaspace       used 126435K, capacity 130871K, committed 131020K, reserved 1163264K
  class space    used 15743K, capacity 17346K, committed 17356K, reserved 1048576K
}
Event: 11648.530 GC heap after
{Heap after GC invocations=41 (full 0):
 garbage-first heap   total 262144K, used 98804K [0x0000000080000000, 0x0000000100000000)
  region size 1024K, 2 young (2048K), 2 survivors (2048K)
 Metaspace       used 126435K, capacity 130871K, committed 131020K, reserved 1163264K
  class space    used 15743K, capacity 17346K, committed 17356K, reserved 1048576K
}
Event: 11649.390 GC heap before
{Heap before GC invocations=41 (full 0):
 garbage-first heap   total 262144K, used 215540K [0x0000000080000000, 0x0000000100000000)
  region size 1024K, 112 young (114688K), 2 survivors (2048K)
 Metaspace       used 126598K, capacity 130960K, committed 131020K, reserved 1163264K
  class space    used 15743K, capacity 17346K, committed 17356K, reserved 1048576K
}
Event: 11649.394 GC heap after
{Heap after GC invocations=42 (full 0):
 garbage-first heap   total 262144K, used 99785K [0x0000000080000000, 0x0000000100000000)
  region size 1024K, 3 young (3072K), 3 survivors (3072K)
 Metaspace       used 126598K, capacity 130960K, committed 131020K, reserved 1163264K
  class space    used 15743K, capacity 17346K, committed 17356K, reserved 1048576K
}
Event: 11852.128 GC heap before
{Heap before GC invocations=42 (full 0):
 garbage-first heap   total 262144K, used 203209K [0x0000000080000000, 0x0000000100000000)
  region size 1024K, 86 young (88064K), 3 survivors (3072K)
 Metaspace       used 126656K, capacity 131088K, committed 131276K, reserved 1163264K
  class space    used 15743K, capacity 17346K, committed 17356K, reserved 1048576K
}
Event: 11852.188 GC heap after
{Heap after GC invocations=43 (full 0):
 garbage-first heap   total 262144K, used 124110K [0x0000000080000000, 0x0000000100000000)
  region size 1024K, 15 young (15360K), 15 survivors (15360K)
 Metaspace       used 126656K, capacity 131088K, committed 131276K, reserved 1163264K
  class space    used 15743K, capacity 17346K, committed 17356K, reserved 1048576K
}

